[0:00:09.759002641] [856] [1;32m INFO [1;37mCamera [1;34mcamera_manager.cpp:284 [0mlibcamera v0.1.0+118-563cd78e
[0:00:09.773020123] [1280] [1;32m INFO [1;37mRPI [1;34mpisp.cpp:653 [0mlibpisp version v1.0.2 fa44a258644a 22-11-2023 (21:59:22)
[0:00:09.783422271] [1280] [1;32m INFO [1;37mRPI [1;34mpisp.cpp:1112 [0mRegistered camera /base/axi/pcie@120000/rp1/i2c@88000/ov5647@36 to CFE device /dev/media1 and ISP device /dev/media0 using PiSP variant BCM2712_C0
[0:00:09.785462104] [856] [1;32m INFO [1;37mCamera [1;34mcamera_manager.cpp:284 [0mlibcamera v0.1.0+118-563cd78e
[0:00:09.799844086] [1285] [1;32m INFO [1;37mRPI [1;34mpisp.cpp:653 [0mlibpisp version v1.0.2 fa44a258644a 22-11-2023 (21:59:22)
[0:00:09.811463123] [1285] [1;32m INFO [1;37mRPI [1;34mpisp.cpp:1112 [0mRegistered camera /base/axi/pcie@120000/rp1/i2c@88000/ov5647@36 to CFE device /dev/media1 and ISP device /dev/media0 using PiSP variant BCM2712_C0
[0:00:09.814210938] [856] [1;33m WARN [1;37mV4L2 [1;34mv4l2_pixelformat.cpp:338 [0mUnsupported V4L2 pixel format Y16 
[0:00:09.814268938] [856] [1;33m WARN [1;37mV4L2 [1;34mv4l2_pixelformat.cpp:338 [0mUnsupported V4L2 pixel format RGB6
[0:00:09.814279215] [856] [1;33m WARN [1;37mV4L2 [1;34mv4l2_pixelformat.cpp:338 [0mUnsupported V4L2 pixel format BGR6
[0:00:09.814288419] [856] [1;33m WARN [1;37mV4L2 [1;34mv4l2_pixelformat.cpp:338 [0mUnsupported V4L2 pixel format PC1M
[0:00:09.815223401] [856] [1;32m INFO [1;37mCamera [1;34mcamera.cpp:1183 [0mconfiguring streams: (0) 640x480-RGB888 (1) 640x480-GBRG16_PISP_COMP1
[0:00:09.815379364] [1285] [1;32m INFO [1;37mRPI [1;34mpisp.cpp:1396 [0mSensor: /base/axi/pcie@120000/rp1/i2c@88000/ov5647@36 - Selected sensor format: 640x480-SGBRG10_1X10 - Selected CFE format: 640x480-PC1g
INFO: Created TensorFlow Lite XNNPACK delegate for CPU.
qt.qpa.xcb: could not connect to display 
qt.qpa.plugin: Could not load the Qt platform plugin "xcb" in "/usr/local/lib/python3.11/dist-packages/cv2/qt/plugins" even though it was found.
This application failed to start because no Qt platform plugin could be initialized. Reinstalling the application may fix this problem.

Available platform plugins are: xcb.

Aborted
[0:00:10.109835511] [860] [1;32m INFO [1;37mCamera [1;34mcamera_manager.cpp:284 [0mlibcamera v0.1.0+118-563cd78e
[0:00:10.130041344] [1279] [1;32m INFO [1;37mRPI [1;34mpisp.cpp:653 [0mlibpisp version v1.0.2 fa44a258644a 22-11-2023 (21:59:22)
[0:00:10.144634196] [1279] [1;32m INFO [1;37mRPI [1;34mpisp.cpp:1112 [0mRegistered camera /base/axi/pcie@120000/rp1/i2c@88000/ov5647@36 to CFE device /dev/media1 and ISP device /dev/media0 using PiSP variant BCM2712_C0
[0:00:10.146398585] [860] [1;32m INFO [1;37mCamera [1;34mcamera_manager.cpp:284 [0mlibcamera v0.1.0+118-563cd78e
[0:00:10.161565437] [1284] [1;32m INFO [1;37mRPI [1;34mpisp.cpp:653 [0mlibpisp version v1.0.2 fa44a258644a 22-11-2023 (21:59:22)
[0:00:10.172474826] [1284] [1;32m INFO [1;37mRPI [1;34mpisp.cpp:1112 [0mRegistered camera /base/axi/pcie@120000/rp1/i2c@88000/ov5647@36 to CFE device /dev/media1 and ISP device /dev/media0 using PiSP variant BCM2712_C0
[0:00:10.174742715] [860] [1;33m WARN [1;37mV4L2 [1;34mv4l2_pixelformat.cpp:338 [0mUnsupported V4L2 pixel format Y16 
[0:00:10.174796974] [860] [1;33m WARN [1;37mV4L2 [1;34mv4l2_pixelformat.cpp:338 [0mUnsupported V4L2 pixel format RGB6
[0:00:10.174804326] [860] [1;33m WARN [1;37mV4L2 [1;34mv4l2_pixelformat.cpp:338 [0mUnsupported V4L2 pixel format BGR6
[0:00:10.174813030] [860] [1;33m WARN [1;37mV4L2 [1;34mv4l2_pixelformat.cpp:338 [0mUnsupported V4L2 pixel format PC1M
[0:00:10.175556696] [860] [1;32m INFO [1;37mCamera [1;34mcamera.cpp:1183 [0mconfiguring streams: (0) 640x480-RGB888 (1) 640x480-GBRG16_PISP_COMP1
[0:00:10.175691956] [1284] [1;32m INFO [1;37mRPI [1;34mpisp.cpp:1396 [0mSensor: /base/axi/pcie@120000/rp1/i2c@88000/ov5647@36 - Selected sensor format: 640x480-SGBRG10_1X10 - Selected CFE format: 640x480-PC1g
INFO: Created TensorFlow Lite XNNPACK delegate for CPU.
qt.qpa.xcb: could not connect to display 
qt.qpa.plugin: Could not load the Qt platform plugin "xcb" in "/usr/local/lib/python3.11/dist-packages/cv2/qt/plugins" even though it was found.
This application failed to start because no Qt platform plugin could be initialized. Reinstalling the application may fix this problem.

Available platform plugins are: xcb.

Aborted
/usr/bin/python: can't open file '/home/pipod/sudo': [Errno 2] No such file or directory
[0:00:10.054928308] [866] [1;32m INFO [1;37mCamera [1;34mcamera_manager.cpp:284 [0mlibcamera v0.1.0+118-563cd78e
[0:00:10.070914900] [1281] [1;32m INFO [1;37mRPI [1;34mpisp.cpp:653 [0mlibpisp version v1.0.2 fa44a258644a 22-11-2023 (21:59:22)
[0:00:10.081031271] [1281] [1;32m INFO [1;37mRPI [1;34mpisp.cpp:1112 [0mRegistered camera /base/axi/pcie@120000/rp1/i2c@88000/ov5647@36 to CFE device /dev/media1 and ISP device /dev/media2 using PiSP variant BCM2712_C0
[0:00:10.082791345] [866] [1;32m INFO [1;37mCamera [1;34mcamera_manager.cpp:284 [0mlibcamera v0.1.0+118-563cd78e
[0:00:10.097669604] [1288] [1;32m INFO [1;37mRPI [1;34mpisp.cpp:653 [0mlibpisp version v1.0.2 fa44a258644a 22-11-2023 (21:59:22)
[0:00:10.109365622] [1288] [1;32m INFO [1;37mRPI [1;34mpisp.cpp:1112 [0mRegistered camera /base/axi/pcie@120000/rp1/i2c@88000/ov5647@36 to CFE device /dev/media1 and ISP device /dev/media2 using PiSP variant BCM2712_C0
[0:00:10.111819048] [866] [1;33m WARN [1;37mV4L2 [1;34mv4l2_pixelformat.cpp:338 [0mUnsupported V4L2 pixel format Y16 
[0:00:10.111870178] [866] [1;33m WARN [1;37mV4L2 [1;34mv4l2_pixelformat.cpp:338 [0mUnsupported V4L2 pixel format RGB6
[0:00:10.111877308] [866] [1;33m WARN [1;37mV4L2 [1;34mv4l2_pixelformat.cpp:338 [0mUnsupported V4L2 pixel format BGR6
[0:00:10.111885863] [866] [1;33m WARN [1;37mV4L2 [1;34mv4l2_pixelformat.cpp:338 [0mUnsupported V4L2 pixel format PC1M
[0:00:10.112830363] [866] [1;32m INFO [1;37mCamera [1;34mcamera.cpp:1183 [0mconfiguring streams: (0) 640x480-RGB888 (1) 640x480-GBRG16_PISP_COMP1
[0:00:10.112972437] [1288] [1;32m INFO [1;37mRPI [1;34mpisp.cpp:1396 [0mSensor: /base/axi/pcie@120000/rp1/i2c@88000/ov5647@36 - Selected sensor format: 640x480-SGBRG10_1X10 - Selected CFE format: 640x480-PC1g
INFO: Created TensorFlow Lite XNNPACK delegate for CPU.
qt.qpa.xcb: could not connect to display 
qt.qpa.plugin: Could not load the Qt platform plugin "xcb" in "/usr/local/lib/python3.11/dist-packages/cv2/qt/plugins" even though it was found.
This application failed to start because no Qt platform plugin could be initialized. Reinstalling the application may fix this problem.

Available platform plugins are: xcb.

Aborted
[0:00:10.058334715] [859] [1;32m INFO [1;37mCamera [1;34mcamera_manager.cpp:284 [0mlibcamera v0.1.0+118-563cd78e
[0:00:10.072940641] [1278] [1;32m INFO [1;37mRPI [1;34mpisp.cpp:653 [0mlibpisp version v1.0.2 fa44a258644a 22-11-2023 (21:59:22)
[0:00:10.086114381] [1278] [1;32m INFO [1;37mRPI [1;34mpisp.cpp:1112 [0mRegistered camera /base/axi/pcie@120000/rp1/i2c@88000/ov5647@36 to CFE device /dev/media0 and ISP device /dev/media1 using PiSP variant BCM2712_C0
[0:00:10.087569381] [859] [1;32m INFO [1;37mCamera [1;34mcamera_manager.cpp:284 [0mlibcamera v0.1.0+118-563cd78e
[0:00:10.103124733] [1282] [1;32m INFO [1;37mRPI [1;34mpisp.cpp:653 [0mlibpisp version v1.0.2 fa44a258644a 22-11-2023 (21:59:22)
[0:00:10.113776178] [1282] [1;32m INFO [1;37mRPI [1;34mpisp.cpp:1112 [0mRegistered camera /base/axi/pcie@120000/rp1/i2c@88000/ov5647@36 to CFE device /dev/media0 and ISP device /dev/media1 using PiSP variant BCM2712_C0
[0:00:10.116425289] [859] [1;33m WARN [1;37mV4L2 [1;34mv4l2_pixelformat.cpp:338 [0mUnsupported V4L2 pixel format Y16 
[0:00:10.116479789] [859] [1;33m WARN [1;37mV4L2 [1;34mv4l2_pixelformat.cpp:338 [0mUnsupported V4L2 pixel format RGB6
[0:00:10.116487530] [859] [1;33m WARN [1;37mV4L2 [1;34mv4l2_pixelformat.cpp:338 [0mUnsupported V4L2 pixel format BGR6
[0:00:10.116496455] [859] [1;33m WARN [1;37mV4L2 [1;34mv4l2_pixelformat.cpp:338 [0mUnsupported V4L2 pixel format PC1M
[0:00:10.117258770] [859] [1;32m INFO [1;37mCamera [1;34mcamera.cpp:1183 [0mconfiguring streams: (0) 640x480-RGB888 (1) 640x480-GBRG16_PISP_COMP1
[0:00:10.117410067] [1282] [1;32m INFO [1;37mRPI [1;34mpisp.cpp:1396 [0mSensor: /base/axi/pcie@120000/rp1/i2c@88000/ov5647@36 - Selected sensor format: 640x480-SGBRG10_1X10 - Selected CFE format: 640x480-PC1g
INFO: Created TensorFlow Lite XNNPACK delegate for CPU.
Authorization required, but no authorization protocol specified

qt.qpa.xcb: could not connect to display :0
qt.qpa.plugin: Could not load the Qt platform plugin "xcb" in "/usr/local/lib/python3.11/dist-packages/cv2/qt/plugins" even though it was found.
This application failed to start because no Qt platform plugin could be initialized. Reinstalling the application may fix this problem.

Available platform plugins are: xcb.

Aborted
